Detecting C [-std=c11] compiler features failed to compile with the following output:
Change Dir: /mnt/shared/CPSim_Linux_Generalized/build/CMakeFiles/CMakeTmp

Run Build Command:"/usr/bin/make" "cmTC_3d57b/fast"
make: Warning: File 'Makefile' has modification time 1 s in the future
/usr/bin/make -f CMakeFiles/cmTC_3d57b.dir/build.make CMakeFiles/cmTC_3d57b.dir/build
make[1]: Entering directory '/mnt/shared/CPSim_Linux_Generalized/build/CMakeFiles/CMakeTmp'
make[1]: Warning: File 'CMakeFiles/cmTC_3d57b.dir/flags.make' has modification time 1 s in the future
Building C object CMakeFiles/cmTC_3d57b.dir/feature_tests.c.o
/usr/bin/c99-gcc   -std=c11 -o CMakeFiles/cmTC_3d57b.dir/feature_tests.c.o   -c /mnt/shared/CPSim_Linux_Generalized/build/CMakeFiles/feature_tests.c
c99-gcc called with non ISO C99 option -std=c11
CMakeFiles/cmTC_3d57b.dir/build.make:65: recipe for target 'CMakeFiles/cmTC_3d57b.dir/feature_tests.c.o' failed
make[1]: *** [CMakeFiles/cmTC_3d57b.dir/feature_tests.c.o] Error 1
make[1]: Leaving directory '/mnt/shared/CPSim_Linux_Generalized/build/CMakeFiles/CMakeTmp'
Makefile:126: recipe for target 'cmTC_3d57b/fast' failed
make: *** [cmTC_3d57b/fast] Error 2



